2025-01-13 17:29:09.278 INFO  Version                                 HV000001: Hibernate Validator 8.0.2.Final
2025-01-13 17:29:09.312 INFO  AeroportoApiApplication                 Starting AeroportoApiApplication using Java 21.0.5 with PID 267479 (/opt/dev/projects/Aeroporto-Api/aeroporto-api/target/classes started by renato in /opt/dev/projects/Aeroporto-Api/aeroporto-api)
2025-01-13 17:29:09.313 INFO  AeroportoApiApplication                 No active profile set, falling back to 1 default profile: "default"
2025-01-13 17:29:09.346 INFO  DevToolsPropertyDefaultsPostProcessor   Devtools property defaults active! Set 'spring.devtools.add-properties' to 'false' to disable
2025-01-13 17:29:09.346 INFO  DevToolsPropertyDefaultsPostProcessor   For additional web related logging consider setting the 'logging.level.web' property to 'DEBUG'
2025-01-13 17:29:09.805 INFO  RepositoryConfigurationDelegate         Bootstrapping Spring Data JPA repositories in DEFAULT mode.
2025-01-13 17:29:09.849 INFO  RepositoryConfigurationDelegate         Finished Spring Data repository scanning in 38 ms. Found 2 JPA repository interfaces.
2025-01-13 17:29:10.252 INFO  TomcatWebServer                         Tomcat initialized with port 8080 (http)
2025-01-13 17:29:10.264 INFO  Http11NioProtocol                       Initializing ProtocolHandler ["http-nio-8080"]
2025-01-13 17:29:10.267 INFO  StandardService                         Starting service [Tomcat]
2025-01-13 17:29:10.267 INFO  StandardEngine                          Starting Servlet engine: [Apache Tomcat/10.1.34]
2025-01-13 17:29:10.293 INFO  [/]                                     Initializing Spring embedded WebApplicationContext
2025-01-13 17:29:10.295 INFO  ServletWebServerApplicationContext      Root WebApplicationContext: initialization completed in 948 ms
2025-01-13 17:29:10.486 INFO  HikariDataSource                        HikariPool-1 - Starting...
2025-01-13 17:29:10.654 INFO  HikariPool                              HikariPool-1 - Added connection org.postgresql.jdbc.PgConnection@7266f6b
2025-01-13 17:29:10.655 INFO  HikariDataSource                        HikariPool-1 - Start completed.
2025-01-13 17:29:10.676 INFO  FlywayExecutor                          Database: jdbc:postgresql://localhost:5432/BD_Modelagem (PostgreSQL 17.2)
2025-01-13 17:29:10.732 INFO  DbValidate                              Successfully validated 12 migrations (execution time 00:00.034s)
2025-01-13 17:29:10.787 INFO  DbMigrate                               Current version of schema "public": 13
2025-01-13 17:29:10.791 INFO  DbMigrate                               Schema "public" is up to date. No migration necessary.
2025-01-13 17:29:10.876 INFO  LogHelper                               HHH000204: Processing PersistenceUnitInfo [name: default]
2025-01-13 17:29:10.930 INFO  Version                                 HHH000412: Hibernate ORM core version 6.6.4.Final
2025-01-13 17:29:10.970 INFO  RegionFactoryInitiator                  HHH000026: Second-level cache disabled
2025-01-13 17:29:11.171 INFO  SpringPersistenceUnitInfo               No LoadTimeWeaver setup: ignoring JPA class transformer
2025-01-13 17:29:11.212 WARN  deprecation                             HHH90000025: PostgreSQLDialect does not need to be specified explicitly using 'hibernate.dialect' (remove the property setting and it will be selected by default)
2025-01-13 17:29:11.222 INFO  pooling                                 HHH10001005: Database info:
	Database JDBC URL [Connecting through datasource 'HikariDataSource (HikariPool-1)']
	Database driver: undefined/unknown
	Database version: 17.2
	Autocommit mode: undefined/unknown
	Isolation level: undefined/unknown
	Minimum pool size: undefined/unknown
	Maximum pool size: undefined/unknown
2025-01-13 17:29:11.894 INFO  JtaPlatformInitiator                    HHH000489: No JTA platform available (set 'hibernate.transaction.jta.platform' to enable JTA platform integration)
2025-01-13 17:29:11.976 INFO  LocalContainerEntityManagerFactoryBean  Initialized JPA EntityManagerFactory for persistence unit 'default'
2025-01-13 17:29:12.185 WARN  JpaBaseConfiguration$JpaWebConfigurationspring.jpa.open-in-view is enabled by default. Therefore, database queries may be performed during view rendering. Explicitly configure spring.jpa.open-in-view to disable this warning
2025-01-13 17:29:12.492 INFO  OptionalLiveReloadServer                LiveReload server is running on port 35729
2025-01-13 17:29:12.510 INFO  Http11NioProtocol                       Starting ProtocolHandler ["http-nio-8080"]
2025-01-13 17:29:12.526 INFO  TomcatWebServer                         Tomcat started on port 8080 (http) with context path '/'
2025-01-13 17:29:12.536 INFO  AeroportoApiApplication                 Started AeroportoApiApplication in 3.572 seconds (process running for 3.846)
2025-01-13 17:30:02.324 INFO  [/]                                     Initializing Spring DispatcherServlet 'dispatcherServlet'
2025-01-13 17:30:02.325 INFO  DispatcherServlet                       Initializing Servlet 'dispatcherServlet'
2025-01-13 17:30:02.326 INFO  DispatcherServlet                       Completed initialization in 1 ms
