2025-01-14 12:18:09.186 INFO  AeroportoApiApplication                 Starting AeroportoApiApplication using Java 21.0.5 with PID 28919 (/opt/dev/projects/aeroporto-api/aeroporto-api/target/classes started by isabella in /opt/dev/projects/aeroporto-api/aeroporto-api)
2025-01-14 12:18:09.187 INFO  AeroportoApiApplication                 No active profile set, falling back to 1 default profile: "default"
2025-01-14 12:18:09.564 INFO  RepositoryConfigurationDelegate         Bootstrapping Spring Data JPA repositories in DEFAULT mode.
2025-01-14 12:18:09.587 INFO  RepositoryConfigurationDelegate         Finished Spring Data repository scanning in 20 ms. Found 2 JPA repository interfaces.
2025-01-14 12:18:09.824 INFO  TomcatWebServer                         Tomcat initialized with port 8080 (http)
2025-01-14 12:18:09.828 INFO  StandardService                         Starting service [Tomcat]
2025-01-14 12:18:09.829 INFO  StandardEngine                          Starting Servlet engine: [Apache Tomcat/10.1.34]
2025-01-14 12:18:09.854 INFO  [/]                                     Initializing Spring embedded WebApplicationContext
2025-01-14 12:18:09.854 INFO  ServletWebServerApplicationContext      Root WebApplicationContext: initialization completed in 663 ms
2025-01-14 12:18:09.941 INFO  LogHelper                               HHH000204: Processing PersistenceUnitInfo [name: default]
2025-01-14 12:18:09.944 INFO  RegionFactoryInitiator                  HHH000026: Second-level cache disabled
2025-01-14 12:18:09.957 INFO  SpringPersistenceUnitInfo               No LoadTimeWeaver setup: ignoring JPA class transformer
2025-01-14 12:18:09.959 INFO  HikariDataSource                        HikariPool-3 - Starting...
2025-01-14 12:18:09.988 INFO  HikariPool                              HikariPool-3 - Added connection org.postgresql.jdbc.PgConnection@6804de90
2025-01-14 12:18:09.988 INFO  HikariDataSource                        HikariPool-3 - Start completed.
2025-01-14 12:18:09.998 WARN  deprecation                             HHH90000025: PostgreSQLDialect does not need to be specified explicitly using 'hibernate.dialect' (remove the property setting and it will be selected by default)
2025-01-14 12:18:10.007 INFO  pooling                                 HHH10001005: Database info:
	Database JDBC URL [Connecting through datasource 'HikariDataSource (HikariPool-3)']
	Database driver: undefined/unknown
	Database version: 17.2
	Autocommit mode: undefined/unknown
	Isolation level: undefined/unknown
	Minimum pool size: undefined/unknown
	Maximum pool size: undefined/unknown
2025-01-14 12:18:10.720 INFO  JtaPlatformInitiator                    HHH000489: No JTA platform available (set 'hibernate.transaction.jta.platform' to enable JTA platform integration)
2025-01-14 12:18:10.873 INFO  LocalContainerEntityManagerFactoryBean  Initialized JPA EntityManagerFactory for persistence unit 'default'
2025-01-14 12:18:11.075 WARN  JpaBaseConfiguration$JpaWebConfigurationspring.jpa.open-in-view is enabled by default. Therefore, database queries may be performed during view rendering. Explicitly configure spring.jpa.open-in-view to disable this warning
2025-01-14 12:18:11.235 INFO  OptionalLiveReloadServer                LiveReload server is running on port 35729
2025-01-14 12:18:11.276 INFO  TomcatWebServer                         Tomcat started on port 8080 (http) with context path '/'
2025-01-14 12:18:11.286 INFO  AeroportoApiApplication                 Started AeroportoApiApplication in 2.172 seconds (process running for 457.532)
2025-01-14 12:18:11.293 INFO  ConditionEvaluationDeltaLoggingListener Condition evaluation unchanged
2025-01-14 12:18:37.676 INFO  LocalDevToolsAutoConfiguration$RestartingClassPathChangeChangedEventListenerRestarting due to 1 class path change (0 additions, 0 deletions, 1 modification)
2025-01-14 12:18:37.678 INFO  GracefulShutdown                        Commencing graceful shutdown. Waiting for active requests to complete
2025-01-14 12:18:37.681 INFO  GracefulShutdown                        Graceful shutdown complete
2025-01-14 12:18:37.685 INFO  LocalContainerEntityManagerFactoryBean  Closing JPA EntityManagerFactory for persistence unit 'default'
2025-01-14 12:18:37.686 INFO  HikariDataSource                        HikariPool-3 - Shutdown initiated...
2025-01-14 12:18:37.691 INFO  HikariDataSource                        HikariPool-3 - Shutdown completed.
2025-01-14 12:18:37.749 INFO  AeroportoApiApplication                 Starting AeroportoApiApplication using Java 21.0.5 with PID 28919 (/opt/dev/projects/aeroporto-api/aeroporto-api/target/classes started by isabella in /opt/dev/projects/aeroporto-api/aeroporto-api)
2025-01-14 12:18:37.749 INFO  AeroportoApiApplication                 No active profile set, falling back to 1 default profile: "default"
2025-01-14 12:18:37.881 INFO  RepositoryConfigurationDelegate         Bootstrapping Spring Data JPA repositories in DEFAULT mode.
2025-01-14 12:18:37.890 INFO  RepositoryConfigurationDelegate         Finished Spring Data repository scanning in 8 ms. Found 2 JPA repository interfaces.
2025-01-14 12:18:37.954 INFO  TomcatWebServer                         Tomcat initialized with port 8080 (http)
2025-01-14 12:18:37.955 INFO  StandardService                         Starting service [Tomcat]
2025-01-14 12:18:37.955 INFO  StandardEngine                          Starting Servlet engine: [Apache Tomcat/10.1.34]
2025-01-14 12:18:37.961 INFO  [/]                                     Initializing Spring embedded WebApplicationContext
2025-01-14 12:18:37.962 INFO  ServletWebServerApplicationContext      Root WebApplicationContext: initialization completed in 211 ms
2025-01-14 12:18:37.986 INFO  LogHelper                               HHH000204: Processing PersistenceUnitInfo [name: default]
2025-01-14 12:18:37.987 INFO  RegionFactoryInitiator                  HHH000026: Second-level cache disabled
2025-01-14 12:18:37.991 INFO  SpringPersistenceUnitInfo               No LoadTimeWeaver setup: ignoring JPA class transformer
2025-01-14 12:18:37.992 INFO  HikariDataSource                        HikariPool-4 - Starting...
2025-01-14 12:18:37.999 INFO  HikariPool                              HikariPool-4 - Added connection org.postgresql.jdbc.PgConnection@2e23c691
2025-01-14 12:18:37.999 INFO  HikariDataSource                        HikariPool-4 - Start completed.
2025-01-14 12:18:38.001 WARN  deprecation                             HHH90000025: PostgreSQLDialect does not need to be specified explicitly using 'hibernate.dialect' (remove the property setting and it will be selected by default)
2025-01-14 12:18:38.002 INFO  pooling                                 HHH10001005: Database info:
	Database JDBC URL [Connecting through datasource 'HikariDataSource (HikariPool-4)']
	Database driver: undefined/unknown
	Database version: 17.2
	Autocommit mode: undefined/unknown
	Isolation level: undefined/unknown
	Minimum pool size: undefined/unknown
	Maximum pool size: undefined/unknown
2025-01-14 12:18:38.157 INFO  JtaPlatformInitiator                    HHH000489: No JTA platform available (set 'hibernate.transaction.jta.platform' to enable JTA platform integration)
2025-01-14 12:18:38.249 INFO  LocalContainerEntityManagerFactoryBean  Initialized JPA EntityManagerFactory for persistence unit 'default'
2025-01-14 12:18:38.321 WARN  JpaBaseConfiguration$JpaWebConfigurationspring.jpa.open-in-view is enabled by default. Therefore, database queries may be performed during view rendering. Explicitly configure spring.jpa.open-in-view to disable this warning
2025-01-14 12:18:38.379 INFO  OptionalLiveReloadServer                LiveReload server is running on port 35729
2025-01-14 12:18:38.392 INFO  TomcatWebServer                         Tomcat started on port 8080 (http) with context path '/'
2025-01-14 12:18:38.396 INFO  AeroportoApiApplication                 Started AeroportoApiApplication in 0.666 seconds (process running for 484.641)
2025-01-14 12:18:38.397 INFO  ConditionEvaluationDeltaLoggingListener Condition evaluation unchanged
