2025-01-08 16:17:59 - Starting AeroportoApiApplication using Java 21.0.5 with PID 142666 (/home/renato/Downloads/aeroporto-api/target/classes started by renato in /home/renato/Downloads/aeroporto-api)
2025-01-08 16:17:59 - No active profile set, falling back to 1 default profile: "default"
2025-01-08 16:17:59 - Devtools property defaults active! Set 'spring.devtools.add-properties' to 'false' to disable
2025-01-08 16:17:59 - For additional web related logging consider setting the 'logging.level.web' property to 'DEBUG'
2025-01-08 16:17:59 - Bootstrapping Spring Data JPA repositories in DEFAULT mode.
2025-01-08 16:17:59 - Finished Spring Data repository scanning in 10 ms. Found 0 JPA repository interfaces.
2025-01-08 16:18:00 - Tomcat initialized with port 8080 (http)
2025-01-08 16:18:00 - Initializing ProtocolHandler ["http-nio-8080"]
2025-01-08 16:18:00 - Starting service [Tomcat]
2025-01-08 16:18:00 - Starting Servlet engine: [Apache Tomcat/10.1.34]
2025-01-08 16:18:00 - Initializing Spring embedded WebApplicationContext
2025-01-08 16:18:00 - Root WebApplicationContext: initialization completed in 773 ms
2025-01-08 16:18:00 - HikariPool-1 - Starting...
2025-01-08 16:18:00 - HikariPool-1 - Added connection conn0: url=jdbc:h2:mem:b4256199-216c-469e-8a53-169a27212d9c user=SA
2025-01-08 16:18:00 - HikariPool-1 - Start completed.
2025-01-08 16:18:00 - HHH000204: Processing PersistenceUnitInfo [name: default]
2025-01-08 16:18:00 - HHH000412: Hibernate ORM core version 6.6.4.Final
2025-01-08 16:18:00 - HHH000026: Second-level cache disabled
2025-01-08 16:18:00 - No LoadTimeWeaver setup: ignoring JPA class transformer
2025-01-08 16:18:00 - HHH10001005: Database info:
	Database JDBC URL [Connecting through datasource 'HikariDataSource (HikariPool-1)']
	Database driver: undefined/unknown
	Database version: 2.3.232
	Autocommit mode: undefined/unknown
	Isolation level: undefined/unknown
	Minimum pool size: undefined/unknown
	Maximum pool size: undefined/unknown
2025-01-08 16:18:00 - HHH000489: No JTA platform available (set 'hibernate.transaction.jta.platform' to enable JTA platform integration)
2025-01-08 16:18:00 - Initialized JPA EntityManagerFactory for persistence unit 'default'
2025-01-08 16:18:01 - spring.jpa.open-in-view is enabled by default. Therefore, database queries may be performed during view rendering. Explicitly configure spring.jpa.open-in-view to disable this warning
2025-01-08 16:18:01 - Failed to set up a Bean Validation provider: jakarta.validation.NoProviderFoundException: Unable to create a Configuration, because no Jakarta Bean Validation provider could be found. Add a provider like Hibernate Validator (RI) to your classpath.
2025-01-08 16:18:01 - H2 console available at '/h2-console'. Database available at 'jdbc:h2:mem:b4256199-216c-469e-8a53-169a27212d9c'
2025-01-08 16:18:01 - LiveReload server is running on port 35729
2025-01-08 16:18:01 - Starting ProtocolHandler ["http-nio-8080"]
2025-01-08 16:18:01 - Tomcat started on port 8080 (http) with context path '/'
2025-01-08 16:18:01 - Started AeroportoApiApplication in 2.138 seconds (process running for 2.541)
2025-01-08 16:18:09 - Initializing Spring DispatcherServlet 'dispatcherServlet'
2025-01-08 16:18:09 - Initializing Servlet 'dispatcherServlet'
2025-01-08 16:18:09 - Completed initialization in 2 ms
2025-01-08 16:18:31 - Commencing graceful shutdown. Waiting for active requests to complete
2025-01-08 16:18:31 - Graceful shutdown complete
2025-01-08 16:18:31 - Closing JPA EntityManagerFactory for persistence unit 'default'
2025-01-08 16:18:31 - Invocation of destroy method failed on bean with name 'inMemoryDatabaseShutdownExecutor': org.h2.jdbc.JdbcSQLNonTransientConnectionException: Database is already closed (to disable automatic closing at VM shutdown, add ";DB_CLOSE_ON_EXIT=FALSE" to the db URL) [90121-232]
2025-01-08 16:18:31 - HikariPool-1 - Shutdown initiated...
2025-01-08 16:18:31 - HikariPool-1 - Shutdown completed.
2025-01-08 16:19:21 - Starting AeroportoApiApplication using Java 21.0.5 with PID 142826 (/home/renato/Downloads/aeroporto-api/target/classes started by renato in /home/renato/Downloads/aeroporto-api)
2025-01-08 16:19:21 - No active profile set, falling back to 1 default profile: "default"
2025-01-08 16:19:21 - Devtools property defaults active! Set 'spring.devtools.add-properties' to 'false' to disable
2025-01-08 16:19:21 - For additional web related logging consider setting the 'logging.level.web' property to 'DEBUG'
2025-01-08 16:19:22 - Bootstrapping Spring Data JPA repositories in DEFAULT mode.
2025-01-08 16:19:22 - Finished Spring Data repository scanning in 13 ms. Found 0 JPA repository interfaces.
2025-01-08 16:19:22 - Tomcat initialized with port 8080 (http)
2025-01-08 16:19:22 - Initializing ProtocolHandler ["http-nio-8080"]
2025-01-08 16:19:22 - Starting service [Tomcat]
2025-01-08 16:19:22 - Starting Servlet engine: [Apache Tomcat/10.1.34]
2025-01-08 16:19:22 - Initializing Spring embedded WebApplicationContext
2025-01-08 16:19:22 - Root WebApplicationContext: initialization completed in 995 ms
2025-01-08 16:19:23 - HikariPool-1 - Starting...
2025-01-08 16:19:23 - HikariPool-1 - Added connection conn0: url=jdbc:h2:mem:e5de11a8-f243-4362-b129-ff0a951fe15a user=SA
2025-01-08 16:19:23 - HikariPool-1 - Start completed.
2025-01-08 16:19:23 - HHH000204: Processing PersistenceUnitInfo [name: default]
2025-01-08 16:19:23 - HHH000412: Hibernate ORM core version 6.6.4.Final
2025-01-08 16:19:23 - HHH000026: Second-level cache disabled
2025-01-08 16:19:23 - No LoadTimeWeaver setup: ignoring JPA class transformer
2025-01-08 16:19:23 - HHH10001005: Database info:
	Database JDBC URL [Connecting through datasource 'HikariDataSource (HikariPool-1)']
	Database driver: undefined/unknown
	Database version: 2.3.232
	Autocommit mode: undefined/unknown
	Isolation level: undefined/unknown
	Minimum pool size: undefined/unknown
	Maximum pool size: undefined/unknown
2025-01-08 16:19:23 - HHH000489: No JTA platform available (set 'hibernate.transaction.jta.platform' to enable JTA platform integration)
2025-01-08 16:19:23 - Initialized JPA EntityManagerFactory for persistence unit 'default'
2025-01-08 16:19:23 - spring.jpa.open-in-view is enabled by default. Therefore, database queries may be performed during view rendering. Explicitly configure spring.jpa.open-in-view to disable this warning
2025-01-08 16:19:24 - Failed to set up a Bean Validation provider: jakarta.validation.NoProviderFoundException: Unable to create a Configuration, because no Jakarta Bean Validation provider could be found. Add a provider like Hibernate Validator (RI) to your classpath.
2025-01-08 16:19:24 - H2 console available at '/h2-console'. Database available at 'jdbc:h2:mem:e5de11a8-f243-4362-b129-ff0a951fe15a'
2025-01-08 16:19:24 - LiveReload server is running on port 35729
2025-01-08 16:19:24 - Starting ProtocolHandler ["http-nio-8080"]
2025-01-08 16:19:24 - Tomcat started on port 8080 (http) with context path '/'
2025-01-08 16:19:24 - Started AeroportoApiApplication in 2.788 seconds (process running for 3.168)
2025-01-08 16:19:32 - Initializing Spring DispatcherServlet 'dispatcherServlet'
2025-01-08 16:19:32 - Initializing Servlet 'dispatcherServlet'
2025-01-08 16:19:32 - Completed initialization in 2 ms
2025-01-08 16:22:07 - Commencing graceful shutdown. Waiting for active requests to complete
2025-01-08 16:22:07 - Graceful shutdown complete
2025-01-08 16:22:07 - Closing JPA EntityManagerFactory for persistence unit 'default'
2025-01-08 16:22:07 - Invocation of destroy method failed on bean with name 'inMemoryDatabaseShutdownExecutor': org.h2.jdbc.JdbcSQLNonTransientConnectionException: Database is already closed (to disable automatic closing at VM shutdown, add ";DB_CLOSE_ON_EXIT=FALSE" to the db URL) [90121-232]
2025-01-08 16:22:07 - HikariPool-1 - Shutdown initiated...
2025-01-08 16:22:07 - HikariPool-1 - Shutdown completed.
2025-01-08 16:22:31 - Starting AeroportoApiApplication using Java 21.0.5 with PID 143262 (/home/renato/Downloads/aeroporto-api/target/classes started by renato in /home/renato/Downloads/aeroporto-api)
2025-01-08 16:22:31 - No active profile set, falling back to 1 default profile: "default"
2025-01-08 16:22:31 - Devtools property defaults active! Set 'spring.devtools.add-properties' to 'false' to disable
2025-01-08 16:22:31 - For additional web related logging consider setting the 'logging.level.web' property to 'DEBUG'
2025-01-08 16:22:31 - Bootstrapping Spring Data JPA repositories in DEFAULT mode.
2025-01-08 16:22:31 - Finished Spring Data repository scanning in 15 ms. Found 0 JPA repository interfaces.
2025-01-08 16:22:32 - Tomcat initialized with port 8080 (http)
2025-01-08 16:22:32 - Initializing ProtocolHandler ["http-nio-8080"]
2025-01-08 16:22:32 - Starting service [Tomcat]
2025-01-08 16:22:32 - Starting Servlet engine: [Apache Tomcat/10.1.34]
2025-01-08 16:22:32 - Initializing Spring embedded WebApplicationContext
2025-01-08 16:22:32 - Root WebApplicationContext: initialization completed in 853 ms
2025-01-08 16:22:32 - HikariPool-1 - Starting...
2025-01-08 16:22:32 - HikariPool-1 - Added connection conn0: url=jdbc:h2:mem:599a0979-2b5a-42a8-94ba-7d026525c7cd user=SA
2025-01-08 16:22:32 - HikariPool-1 - Start completed.
2025-01-08 16:22:32 - HHH000204: Processing PersistenceUnitInfo [name: default]
2025-01-08 16:22:32 - HHH000412: Hibernate ORM core version 6.6.4.Final
2025-01-08 16:22:32 - HHH000026: Second-level cache disabled
2025-01-08 16:22:32 - No LoadTimeWeaver setup: ignoring JPA class transformer
2025-01-08 16:22:32 - HHH10001005: Database info:
	Database JDBC URL [Connecting through datasource 'HikariDataSource (HikariPool-1)']
	Database driver: undefined/unknown
	Database version: 2.3.232
	Autocommit mode: undefined/unknown
	Isolation level: undefined/unknown
	Minimum pool size: undefined/unknown
	Maximum pool size: undefined/unknown
2025-01-08 16:22:32 - HHH000489: No JTA platform available (set 'hibernate.transaction.jta.platform' to enable JTA platform integration)
2025-01-08 16:22:32 - Initialized JPA EntityManagerFactory for persistence unit 'default'
2025-01-08 16:22:32 - spring.jpa.open-in-view is enabled by default. Therefore, database queries may be performed during view rendering. Explicitly configure spring.jpa.open-in-view to disable this warning
2025-01-08 16:22:32 - Failed to set up a Bean Validation provider: jakarta.validation.NoProviderFoundException: Unable to create a Configuration, because no Jakarta Bean Validation provider could be found. Add a provider like Hibernate Validator (RI) to your classpath.
2025-01-08 16:22:33 - H2 console available at '/h2-console'. Database available at 'jdbc:h2:mem:599a0979-2b5a-42a8-94ba-7d026525c7cd'
2025-01-08 16:22:33 - LiveReload server is running on port 35729
2025-01-08 16:22:33 - Starting ProtocolHandler ["http-nio-8080"]
2025-01-08 16:22:33 - Tomcat started on port 8080 (http) with context path '/'
2025-01-08 16:22:33 - Started AeroportoApiApplication in 2.225 seconds (process running for 2.554)
2025-01-08 16:22:41 - Initializing Spring DispatcherServlet 'dispatcherServlet'
2025-01-08 16:22:41 - Initializing Servlet 'dispatcherServlet'
2025-01-08 16:22:41 - Completed initialization in 1 ms
2025-01-08 16:22:41 - Informações dos aeroportos requisitadas
2025-01-08 16:22:47 - Aeroporto criado: Aeroporto Internacional de São Paulo
2025-01-08 16:22:49 - Informações dos aeroportos requisitadas
2025-01-08 16:22:54 - Aeroporto atualizado no índice 0: RenatoCompany
2025-01-08 16:22:56 - Informações dos aeroportos requisitadas
2025-01-08 16:22:58 - Aeroporto removido no índice 0: null
2025-01-08 16:23:00 - Informações dos aeroportos requisitadas
2025-01-08 16:23:22 - Commencing graceful shutdown. Waiting for active requests to complete
2025-01-08 16:23:22 - Graceful shutdown complete
2025-01-08 16:23:22 - Closing JPA EntityManagerFactory for persistence unit 'default'
2025-01-08 16:23:22 - Invocation of destroy method failed on bean with name 'inMemoryDatabaseShutdownExecutor': org.h2.jdbc.JdbcSQLNonTransientConnectionException: Database is already closed (to disable automatic closing at VM shutdown, add ";DB_CLOSE_ON_EXIT=FALSE" to the db URL) [90121-232]
2025-01-08 16:23:22 - HikariPool-1 - Shutdown initiated...
2025-01-08 16:23:22 - HikariPool-1 - Shutdown completed.
